<?xml version="1.0" encoding="UTF-8"?>
<!-- Generated by org.testng.reporters.JUnitReportReporter -->
<testsuite hostname="ABHIRAMI" failures="0" tests="1" name="testngpackage.Amazontask" time="25.793" errors="0" timestamp="2024-09-24T12:38:16 IST" skipped="0">
  <testcase classname="testngpackage.Amazontask" name="searchmobile" time="25.793"/>
  <system-out/>
</testsuite> <!-- testngpackage.Amazontask -->
