<?xml version="1.0" encoding="UTF-8"?>
<!-- Generated by org.testng.reporters.JUnitReportReporter -->
<testsuite hostname="ABHIRAMI" failures="0" tests="1" name="testngpackage.Janasya" time="4.591" errors="0" timestamp="2024-09-20T12:37:50 IST" skipped="0">
  <testcase classname="testngpackage.Janasya" name="test" time="4.591"/>
  <system-out/>
</testsuite> <!-- testngpackage.Janasya -->
