<?xml version="1.0" encoding="UTF-8"?>
<!-- Generated by org.testng.reporters.JUnitReportReporter -->
<testsuite hostname="ABHIRAMI" failures="0" tests="1" name="testngpackage.Windowdetails" time="4.132" errors="0" timestamp="2024-09-24T13:04:18 IST" skipped="0">
  <testcase classname="testngpackage.Windowdetails" name="test" time="4.132"/>
  <system-out/>
</testsuite> <!-- testngpackage.Windowdetails -->
