<?xml version="1.0" encoding="UTF-8"?>
<!-- Generated by org.testng.reporters.JUnitReportReporter -->
<testsuite hostname="ABHIRAMI" failures="0" tests="1" name="testngpackage.Datepickerpgm" time="2.303" errors="0" timestamp="2024-10-03T14:41:21 IST" skipped="0">
  <testcase classname="testngpackage.Datepickerpgm" name="datepicker" time="2.303"/>
  <system-out/>
</testsuite> <!-- testngpackage.Datepickerpgm -->
