<?xml version="1.0" encoding="UTF-8"?>
<!-- Generated by org.testng.reporters.JUnitReportReporter -->
<testsuite hostname="ABHIRAMI" failures="0" tests="1" name="testngpackage.Datadriventest" time="9.652" errors="0" timestamp="2024-09-27T22:03:57 IST" skipped="0">
  <testcase classname="testngpackage.Datadriventest" name="datadriven" time="9.652"/>
  <system-out/>
</testsuite> <!-- testngpackage.Datadriventest -->
