<?xml version="1.0" encoding="UTF-8"?>
<!-- Generated by org.testng.reporters.JUnitReportReporter -->
<testsuite hostname="ABHIRAMI" failures="0" tests="1" name="testngpackage.Fileuploadingsendkeys" time="0.365" errors="0" timestamp="2024-09-18T12:04:45 IST" skipped="0">
  <testcase classname="testngpackage.Fileuploadingsendkeys" name="test" time="0.365"/>
  <system-out/>
</testsuite> <!-- testngpackage.Fileuploadingsendkeys -->
