<?xml version="1.0" encoding="UTF-8"?>
<!-- Generated by org.testng.reporters.JUnitReportReporter -->
<testsuite hostname="ABHIRAMI" failures="0" tests="1" name="testngpackage.Autoitfileupload" time="24.442" errors="0" timestamp="2024-09-19T11:50:47 IST" skipped="0">
  <testcase classname="testngpackage.Autoitfileupload" name="test" time="24.442"/>
  <system-out/>
</testsuite> <!-- testngpackage.Autoitfileupload -->
