<?xml version="1.0" encoding="UTF-8"?>
<!-- Generated by org.testng.reporters.JUnitReportReporter -->
<testsuite hostname="ABHIRAMI" failures="0" tests="1" name="testpackage.Fblogintest" time="3.835" errors="0" timestamp="2024-09-26T10:51:51 IST" skipped="0">
  <testcase classname="testpackage.Fblogintest" name="logintest" time="3.835"/>
  <system-out/>
</testsuite> <!-- testpackage.Fblogintest -->
