<?xml version="1.0" encoding="UTF-8"?>
<!-- Generated by org.testng.reporters.JUnitReportReporter -->
<testsuite hostname="ABHIRAMI" failures="0" tests="2" name="testngpackage.Extentreportspgm" time="5.417" errors="0" timestamp="2024-09-25T10:12:02 IST" skipped="0">
  <testcase classname="testngpackage.Extentreportspgm" name="fbtitleverification" time="0.762"/>
  <system-out/>
  <testcase classname="testngpackage.Extentreportspgm" name="buttontextverification" time="4.655"/>
  <system-out/>
</testsuite> <!-- testngpackage.Extentreportspgm -->
