<?xml version="1.0" encoding="UTF-8"?>
<!-- Generated by org.testng.reporters.JUnitReportReporter -->
<testsuite hostname="ABHIRAMI" failures="0" tests="1" name="testpackage.Logindatadriventest" time="70.730" errors="0" timestamp="2024-09-29T12:30:52 IST" skipped="0">
  <testcase classname="testpackage.Logindatadriventest" name="datadriven" time="70.730"/>
  <system-out/>
</testsuite> <!-- testpackage.Logindatadriventest -->
