<?xml version="1.0" encoding="UTF-8"?>
<!-- Generated by org.testng.reporters.JUnitReportReporter -->
<testsuite hostname="ABHIRAMI" failures="0" tests="1" name="testngpackage.Dropdowndisplay" time="10.707" errors="0" timestamp="2024-09-18T13:23:44 IST" skipped="0">
  <testcase classname="testngpackage.Dropdowndisplay" name="link" time="10.707"/>
  <system-out/>
</testsuite> <!-- testngpackage.Dropdowndisplay -->
