<?xml version="1.0" encoding="UTF-8"?>
<!-- Generated by org.testng.reporters.JUnitReportReporter -->
<testsuite hostname="ABHIRAMI" failures="0" tests="1" name="testngpackage.Windowhandling" time="5.096" errors="0" timestamp="2024-09-24T11:26:58 IST" skipped="0">
  <testcase classname="testngpackage.Windowhandling" name="test" time="5.096"/>
  <system-out/>
</testsuite> <!-- testngpackage.Windowhandling -->
