<?xml version="1.0" encoding="UTF-8"?>
<!-- Generated by org.testng.reporters.JUnitReportReporter -->
<testsuite hostname="ABHIRAMI" failures="0" tests="1" name="testngpackage.Loginpgm" time="0.659" errors="0" timestamp="2024-09-07T16:45:34 IST" skipped="0">
  <testcase classname="testngpackage.Loginpgm" name="login" time="0.659"/>
  <system-out/>
</testsuite> <!-- testngpackage.Loginpgm -->
