<?xml version="1.0" encoding="UTF-8"?>
<!-- Generated by org.testng.reporters.JUnitReportReporter -->
<testsuite hostname="ABHIRAMI" failures="0" tests="3" name="testngpackage.Crossbrowsertesting" time="22.500" errors="0" timestamp="2024-09-10T11:37:22 IST" skipped="0">
  <testcase classname="testngpackage.Crossbrowsertesting" name="crosstest" time="5.415"/>
  <system-out/>
  <testcase classname="testngpackage.Crossbrowsertesting" name="crosstest" time="7.339"/>
  <system-out/>
  <testcase classname="testngpackage.Crossbrowsertesting" name="crosstest" time="9.746"/>
  <system-out/>
</testsuite> <!-- testngpackage.Crossbrowsertesting -->
