<?xml version="1.0" encoding="UTF-8"?>
<!-- Generated by org.testng.reporters.JUnitReportReporter -->
<testsuite hostname="ABHIRAMI" failures="0" tests="1" name="testngpackage.Copyandpaste" time="0.849" errors="0" timestamp="2024-09-09T11:34:47 IST" skipped="0">
  <testcase classname="testngpackage.Copyandpaste" name="keyactions" time="0.849"/>
  <system-out/>
</testsuite> <!-- testngpackage.Copyandpaste -->
