<?xml version="1.0" encoding="UTF-8"?>
<!-- Generated by org.testng.reporters.JUnitReportReporter -->
<testsuite hostname="ABHIRAMI" failures="0" tests="1" name="testngpackage.Fbloginvalidation" time="27.029" errors="0" timestamp="2024-09-11T11:24:38 IST" skipped="0">
  <testcase classname="testngpackage.Fbloginvalidation" name="fblogin" time="27.029"/>
  <system-out/>
</testsuite> <!-- testngpackage.Fbloginvalidation -->
