<?xml version="1.0" encoding="UTF-8"?>
<!-- Generated by org.testng.reporters.JUnitReportReporter -->
<testsuite hostname="ABHIRAMI" failures="0" tests="1" name="testngpackage.Checkavailability" time="0.817" errors="0" timestamp="2024-09-10T17:20:58 IST" skipped="0">
  <testcase classname="testngpackage.Checkavailability" name="textchecking" time="0.817"/>
  <system-out/>
</testsuite> <!-- testngpackage.Checkavailability -->
