<?xml version="1.0" encoding="UTF-8"?>
<!-- Generated by org.testng.reporters.JUnitReportReporter -->
<testsuite hostname="ABHIRAMI" failures="0" tests="1" name="testngpackage.Draganddrop" time="1.535" errors="0" timestamp="2024-09-11T11:05:17 IST" skipped="0">
  <testcase classname="testngpackage.Draganddrop" name="dragdrop" time="1.535"/>
  <system-out/>
</testsuite> <!-- testngpackage.Draganddrop -->
