<?xml version="1.0" encoding="UTF-8"?>
<!-- Generated by org.testng.reporters.JUnitReportReporter -->
<testsuite hostname="ABHIRAMI" failures="0" tests="1" name="testngpackage.Assertpgm" time="0.037" errors="0" timestamp="2024-09-20T12:30:19 IST" skipped="0">
  <testcase classname="testngpackage.Assertpgm" name="titlecheck" time="0.037"/>
  <system-out/>
</testsuite> <!-- testngpackage.Assertpgm -->
