<?xml version="1.0" encoding="UTF-8"?>
<!-- Generated by org.testng.reporters.JUnitReportReporter -->
<testsuite hostname="ABHIRAMI" failures="0" tests="3" name="testngpackage.Rediff" time="5.635" errors="0" timestamp="2024-09-07T16:44:10 IST" skipped="0">
  <testcase classname="testngpackage.Rediff" name="logo" time="1.755"/>
  <system-out/>
  <testcase classname="testngpackage.Rediff" name="radiobutton" time="3.809"/>
  <system-out/>
  <testcase classname="testngpackage.Rediff" name="test2" time="0.071"/>
  <system-out/>
</testsuite> <!-- testngpackage.Rediff -->
