<?xml version="1.0" encoding="UTF-8"?>
<!-- Generated by org.testng.reporters.JUnitReportReporter -->
<testsuite hostname="ABHIRAMI" failures="0" tests="1" name="Datepickerdemo" time="2.212" errors="0" timestamp="2024-10-03T22:37:30 IST" skipped="0">
  <testcase classname="Datepickerdemo" name="test" time="2.212"/>
  <system-out/>
</testsuite> <!-- Datepickerdemo -->
