<?xml version="1.0" encoding="UTF-8"?>
<!-- Generated by org.testng.reporters.JUnitReportReporter -->
<testsuite hostname="ABHIRAMI" failures="0" tests="1" name="testpackage.Createpagetest" time="2.278" errors="0" timestamp="2024-09-26T10:51:51 IST" skipped="0">
  <testcase classname="testpackage.Createpagetest" name="createpagetest" time="2.278"/>
  <system-out/>
</testsuite> <!-- testpackage.Createpagetest -->
