<?xml version="1.0" encoding="UTF-8"?>
<!-- Generated by org.testng.reporters.JUnitReportReporter -->
<testsuite hostname="ABHIRAMI" failures="0" tests="1" name="testngpackage.Demoguru" time="0.683" errors="0" timestamp="2024-09-09T13:09:09 IST" skipped="0">
  <testcase classname="testngpackage.Demoguru" name="test" time="0.683"/>
  <system-out/>
</testsuite> <!-- testngpackage.Demoguru -->
