<?xml version="1.0" encoding="UTF-8"?>
<!-- Generated by org.testng.reporters.JUnitReportReporter -->
<testsuite hostname="ABHIRAMI" failures="0" tests="1" name="testngpackage.Ebay" time="5.459" errors="0" timestamp="2024-09-09T13:01:32 IST" skipped="0">
  <testcase classname="testngpackage.Ebay" name="test" time="5.459"/>
  <system-out/>
</testsuite> <!-- testngpackage.Ebay -->
