<?xml version="1.0" encoding="UTF-8"?>
<!-- Generated by org.testng.reporters.JUnitReportReporter -->
<testsuite hostname="ABHIRAMI" failures="0" tests="1" name="testngpackage.Robotclass" time="4.270" errors="0" timestamp="2024-09-18T12:58:11 IST" skipped="0">
  <testcase classname="testngpackage.Robotclass" name="test" time="4.270"/>
  <system-out/>
</testsuite> <!-- testngpackage.Robotclass -->
