<?xml version="1.0" encoding="UTF-8"?>
<!-- Generated by org.testng.reporters.JUnitReportReporter -->
<testsuite hostname="ABHIRAMI" failures="0" tests="6" name="testngpackage.Testngdemo" time="0.211" errors="0" timestamp="2024-09-05T12:28:44 IST" skipped="1">
  <testcase classname="testngpackage.Testngdemo" name="test4" time="0.123"/>
  <system-out/>
  <testcase classname="testngpackage.Testngdemo" name="test2" time="0.006"/>
  <system-out/>
  <testcase classname="testngpackage.Testngdemo" name="test2" time="0.032"/>
  <system-out/>
  <testcase classname="testngpackage.Testngdemo" name="test2" time="0.030"/>
  <system-out/>
  <testcase classname="testngpackage.Testngdemo" name="test1" time="0.020"/>
  <system-out/>
  <testcase classname="testngpackage.Testngdemo" name="test3">
    <skipped/>
  </testcase> <!-- test3 -->
  <system-out/>
</testsuite> <!-- testngpackage.Testngdemo -->
