<?xml version="1.0" encoding="UTF-8"?>
<!-- Generated by org.testng.reporters.JUnitReportReporter -->
<testsuite hostname="ABHIRAMI" failures="0" tests="1" name="testngpackage.Parameterpgm" time="0.058" errors="0" timestamp="2024-09-06T11:32:40 IST" skipped="0">
  <testcase classname="testngpackage.Parameterpgm" name="test" time="0.058"/>
  <system-out/>
</testsuite> <!-- testngpackage.Parameterpgm -->
